<?xml version="1.0" encoding="UTF-8"?>
<!-- Generated by org.testng.reporters.JUnitXMLReporter -->
<testsuite hostname="shushant" ignored="0" name="Banking app test1(failed)" tests="4" failures="4" timestamp="2022-05-04T20:55:00 EDT" time="19.755" errors="0">
  <testcase name="LoginDDT" time="1.617" classname="com.inetBankingProject.testCases.TC_LoginDDT_002">
    <failure type="java.lang.AssertionError" message="expected [true] but found [false]">
      <![CDATA[java.lang.AssertionError: expected [true] but found [false]
at com.inetBankingProject.testCases.TC_LoginDDT_002.LoginDDT(TC_LoginDDT_002.java:26)
at java.util.ArrayList.forEach(ArrayList.java:1259)
... Removed 31 stack frames]]>
    </failure>
  </testcase> <!-- LoginDDT -->
  <testcase name="LoginDDT" time="1.529" classname="com.inetBankingProject.testCases.TC_LoginDDT_002">
    <failure type="java.lang.AssertionError" message="expected [true] but found [false]">
      <![CDATA[java.lang.AssertionError: expected [true] but found [false]
at com.inetBankingProject.testCases.TC_LoginDDT_002.LoginDDT(TC_LoginDDT_002.java:26)
at java.util.ArrayList.forEach(ArrayList.java:1259)
... Removed 31 stack frames]]>
    </failure>
  </testcase> <!-- LoginDDT -->
  <testcase name="LoginDDT" time="1.477" classname="com.inetBankingProject.testCases.TC_LoginDDT_002">
    <failure type="java.lang.AssertionError" message="expected [true] but found [false]">
      <![CDATA[java.lang.AssertionError: expected [true] but found [false]
at com.inetBankingProject.testCases.TC_LoginDDT_002.LoginDDT(TC_LoginDDT_002.java:26)
at java.util.ArrayList.forEach(ArrayList.java:1259)
... Removed 31 stack frames]]>
    </failure>
  </testcase> <!-- LoginDDT -->
  <testcase name="LoginDDT" time="1.155" classname="com.inetBankingProject.testCases.TC_LoginDDT_002">
    <failure type="java.lang.AssertionError" message="expected [true] but found [false]">
      <![CDATA[java.lang.AssertionError: expected [true] but found [false]
at com.inetBankingProject.testCases.TC_LoginDDT_002.LoginDDT(TC_LoginDDT_002.java:26)
at java.util.ArrayList.forEach(ArrayList.java:1259)
... Removed 31 stack frames]]>
    </failure>
  </testcase> <!-- LoginDDT -->
</testsuite> <!-- Banking app test1(failed) -->
